<ns0:test-suite xmlns:ns0="urn:model.allure.qatools.yandex.ru" start="1615006665815" stop="1615006665865">
  <name>test_1</name>
  <labels/>
  <test-cases>
    <test-case start="1615006665815" status="failed" stop="1615006665827">
      <name>Test1.test_1</name>
      <failure>
        <message>AssertionError: assert False</message>
        <stack-trace>self = &lt;test_1.Test1 object at 0x7f87c95e5a60&gt;

    def test_1(self):
        print("test1")
&gt;       assert False
E       assert False

scripts/test_1.py:5: AssertionError</stack-trace>
      </failure>
      <attachments/>
      <labels>
        <label name="severity" value="normal"/>
        <label name="thread" value="98106-MainThread"/>
        <label name="host" value="MacBook-Pro.lan"/>
        <label name="framework" value="pytest"/>
        <label name="language" value="cpython3"/>
      </labels>
      <steps/>
    </test-case>
    <test-case start="1615006665845" status="passed" stop="1615006665849">
      <name>Test1.test_2</name>
      <attachments/>
      <labels>
        <label name="severity" value="normal"/>
        <label name="thread" value="98106-MainThread"/>
        <label name="host" value="MacBook-Pro.lan"/>
        <label name="framework" value="pytest"/>
        <label name="language" value="cpython3"/>
      </labels>
      <steps/>
    </test-case>
    <test-case start="1615006665860" status="passed" stop="1615006665865">
      <name>Test1.test_3</name>
      <attachments/>
      <labels>
        <label name="severity" value="normal"/>
        <label name="thread" value="98106-MainThread"/>
        <label name="host" value="MacBook-Pro.lan"/>
        <label name="framework" value="pytest"/>
        <label name="language" value="cpython3"/>
      </labels>
      <steps/>
    </test-case>
  </test-cases>
</ns0:test-suite>
